<?xml version="1.0" encoding="UTF-8"?>
<!-- Generated by org.testng.reporters.JUnitReportReporter -->
<testsuite hostname="LAPTOP-GI0RDT4H" failures="0" tests="1" name="homePage.TC_08_VerifyLookFamiliarImage" time="15.840" errors="0" timestamp="14 Jan 2021 03:07:39 GMT" skipped="0">
  <testcase classname="homePage.TC_08_VerifyLookFamiliarImage" name="VerifyLookFamiliarImage" time="15.840"/>
</testsuite> <!-- homePage.TC_08_VerifyLookFamiliarImage -->
