<?xml version="1.0" encoding="UTF-8"?>
<!-- Generated by org.testng.reporters.JUnitReportReporter -->
<testsuite hostname="LAPTOP-GI0RDT4H" failures="1" tests="1" name="homePage.TC_04_VerifyMapMakeTab" time="25.771" errors="0" timestamp="09 Dec 2020 03:27:32 GMT" skipped="0">
  <testcase classname="homePage.TC_04_VerifyMapMakeTab" name="VerifyMapMakeTab" time="25.771">
    <failure message="Invalid page expected [https://maps.propertycapsule.com/] but found [https://tours.propertycapsule.com/]" type="java.lang.AssertionError">
      <![CDATA[java.lang.AssertionError: Invalid page expected [https://maps.propertycapsule.com/] but found [https://tours.propertycapsule.com/]
at org.testng.Assert.fail(Assert.java:96)
at org.testng.Assert.failNotEquals(Assert.java:776)
at org.testng.Assert.assertEqualsImpl(Assert.java:137)
at org.testng.Assert.assertEquals(Assert.java:118)
at org.testng.Assert.assertEquals(Assert.java:453)
at homePage.TC_04_VerifyMapMakeTab.VerifyMapMakeTab(TC_04_VerifyMapMakeTab.java:23)
at java.base/jdk.internal.reflect.NativeMethodAccessorImpl.invoke0(Native Method)
at java.base/jdk.internal.reflect.NativeMethodAccessorImpl.invoke(NativeMethodAccessorImpl.java:62)
at java.base/jdk.internal.reflect.DelegatingMethodAccessorImpl.invoke(DelegatingMethodAccessorImpl.java:43)
at java.base/java.lang.reflect.Method.invoke(Method.java:564)
at org.testng.internal.MethodInvocationHelper.invokeMethod(MethodInvocationHelper.java:124)
at org.testng.internal.Invoker.invokeMethod(Invoker.java:583)
at org.testng.internal.Invoker.invokeTestMethod(Invoker.java:719)
at org.testng.internal.Invoker.invokeTestMethods(Invoker.java:989)
at org.testng.internal.TestMethodWorker.invokeTestMethods(TestMethodWorker.java:125)
at org.testng.internal.TestMethodWorker.run(TestMethodWorker.java:109)
at java.base/java.util.concurrent.ThreadPoolExecutor.runWorker(ThreadPoolExecutor.java:1130)
at java.base/java.util.concurrent.ThreadPoolExecutor$Worker.run(ThreadPoolExecutor.java:630)
at java.base/java.lang.Thread.run(Thread.java:832)
]]>
    </failure>
  </testcase> <!-- VerifyMapMakeTab -->
</testsuite> <!-- homePage.TC_04_VerifyMapMakeTab -->
