<?xml version="1.0" encoding="UTF-8"?>
<!-- Generated by org.testng.reporters.JUnitReportReporter -->
<testsuite hostname="LAPTOP-GI0RDT4H" failures="0" tests="1" name="homePage.TC_03_VerifyTourBookTab" time="41.452" errors="0" timestamp="13 Jan 2021 22:03:11 GMT" skipped="0">
  <testcase classname="homePage.TC_03_VerifyTourBookTab" name="VerifyTourBookTab" time="41.452"/>
</testsuite> <!-- homePage.TC_03_VerifyTourBookTab -->
