<?xml version="1.0" encoding="UTF-8"?>
<!-- Generated by org.testng.reporters.JUnitReportReporter -->
<testsuite hostname="LAPTOP-GI0RDT4H" failures="0" tests="1" name="homePage.TC_15_VerifyContactUsLink" time="12.031" errors="0" timestamp="14 Jan 2021 00:25:53 GMT" skipped="0">
  <testcase classname="homePage.TC_15_VerifyContactUsLink" name="VerifyContactUsLink" time="12.031"/>
</testsuite> <!-- homePage.TC_15_VerifyContactUsLink -->
