<?xml version="1.0" encoding="UTF-8"?>
<!-- Generated by org.testng.reporters.JUnitReportReporter -->
<testsuite hostname="LAPTOP-GI0RDT4H" failures="0" tests="1" name="homePage.TC_02_VerifyEntLoginBtn" time="18.129" errors="0" timestamp="13 Jan 2021 22:01:36 GMT" skipped="0">
  <testcase classname="homePage.TC_02_VerifyEntLoginBtn" name="VerifyEntLoginBtn" time="18.129"/>
</testsuite> <!-- homePage.TC_02_VerifyEntLoginBtn -->
